running cron task now. 2021-02-28T13:22:10.756Z
CSV file successfully processed 2021-02-28T13:22:10.776Z
Processing information gathered 2021-02-28T13:22:10.776Z
At 2021-02-28T13:22:10.776Z initiating processing for entry: {
  external_code: 'user1',
  name: 'USER TEST 1',
  address: 'Address of user',
  country_code: 'IN',
  '': ''
}
country is: India 2021-02-28T13:22:10.843Z
Update entry 2021-02-28T13:22:10.870Z
At 2021-02-28T13:22:10.870Z initiating processing for entry: {
  external_code: 'user2',
  name: 'USER TEST 2',
  address: 'another address\nstate\nzip',
  country_code: 'US',
  '': ''
}
country is: United States 2021-02-28T13:22:10.876Z
Update entry 2021-02-28T13:22:10.898Z
At 2021-02-28T13:22:10.898Z initiating processing for entry: {
  external_code: 'user2',
  name: 'Changed User',
  address: 'Afganisthan\nstate\nzip',
  country_code: 'AF',
  '': ''
}
country is: Afghanistan 2021-02-28T13:22:10.904Z
Update entry 2021-02-28T13:22:10.916Z
At 2021-02-28T13:22:10.916Z initiating processing for entry: { external_code: '', name: '', address: '', country_code: '', '': '' }
Invalid entry without country_code 2021-02-28T13:22:10.921Z
At 2021-02-28T13:22:10.921Z initiating processing for entry: { external_code: '', name: '', address: '', country_code: '', '': '' }
Invalid entry without country_code 2021-02-28T13:22:10.927Z
Completed processing of gathered data 2021-02-28T13:22:10.927Z
running cron task now. 2021-02-28T13:23:00.003Z
CSV file successfully processed 2021-02-28T13:23:00.005Z
Processing information gathered 2021-02-28T13:23:00.006Z
At 2021-02-28T13:23:00.006Z initiating processing for entry: {
  external_code: 'user1',
  name: 'USER TEST 1',
  address: 'Address of user',
  country_code: 'IN',
  '': ''
}
country is: India 2021-02-28T13:23:00.017Z
Update entry 2021-02-28T13:23:00.031Z
At 2021-02-28T13:23:00.031Z initiating processing for entry: {
  external_code: 'user2',
  name: 'USER TEST 2',
  address: 'another address\nstate\nzip',
  country_code: 'US',
  '': ''
}
country is: United States 2021-02-28T13:23:00.040Z
Update entry 2021-02-28T13:23:00.058Z
At 2021-02-28T13:23:00.058Z initiating processing for entry: {
  external_code: 'user2',
  name: 'Changed User',
  address: 'Afganisthan\nstate\nzip',
  country_code: 'AF',
  '': ''
}
country is: Afghanistan 2021-02-28T13:23:00.070Z
Update entry 2021-02-28T13:23:00.089Z
At 2021-02-28T13:23:00.089Z initiating processing for entry: { external_code: '', name: '', address: '', country_code: '', '': '' }
Invalid entry without country_code 2021-02-28T13:23:00.096Z
At 2021-02-28T13:23:00.097Z initiating processing for entry: { external_code: '', name: '', address: '', country_code: '', '': '' }
Invalid entry without country_code 2021-02-28T13:23:00.104Z
Completed processing of gathered data 2021-02-28T13:23:00.104Z
running cron task now. 2021-02-28T13:24:00.002Z
CSV file successfully processed 2021-02-28T13:24:00.008Z
Processing information gathered 2021-02-28T13:24:00.008Z
At 2021-02-28T13:24:00.009Z initiating processing for entry: {
  external_code: 'user1',
  name: 'USER TEST 1',
  address: 'Address of user',
  country_code: 'IN',
  '': ''
}
country is: India 2021-02-28T13:24:00.015Z
Update entry 2021-02-28T13:24:00.025Z
At 2021-02-28T13:24:00.025Z initiating processing for entry: {
  external_code: 'user2',
  name: 'USER TEST 2',
  address: 'another address\nstate\nzip',
  country_code: 'US',
  '': ''
}
country is: United States 2021-02-28T13:24:00.030Z
Update entry 2021-02-28T13:24:00.041Z
At 2021-02-28T13:24:00.041Z initiating processing for entry: {
  external_code: 'user2',
  name: 'Changed User',
  address: 'Afganisthan\nstate\nzip',
  country_code: 'AF',
  '': ''
}
country is: Afghanistan 2021-02-28T13:24:00.046Z
Update entry 2021-02-28T13:24:00.057Z
At 2021-02-28T13:24:00.057Z initiating processing for entry: { external_code: '', name: '', address: '', country_code: '', '': '' }
Invalid entry without country_code 2021-02-28T13:24:00.062Z
At 2021-02-28T13:24:00.062Z initiating processing for entry: { external_code: '', name: '', address: '', country_code: '', '': '' }
Invalid entry without country_code 2021-02-28T13:24:00.067Z
Completed processing of gathered data 2021-02-28T13:24:00.067Z
running cron task now. 2021-02-28T13:24:08.906Z
CSV file successfully processed 2021-02-28T13:24:08.929Z
Processing information gathered 2021-02-28T13:24:08.929Z
At 2021-02-28T13:24:08.930Z initiating processing for entry: {
  external_code: 'user1',
  name: 'USER TEST 1',
  address: 'Address of user',
  country_code: 'IN',
  '': ''
}
country is: India 2021-02-28T13:24:09.005Z
Update entry 2021-02-28T13:24:09.028Z
At 2021-02-28T13:24:09.028Z initiating processing for entry: {
  external_code: 'user2',
  name: 'USER TEST 2',
  address: 'another address\nstate\nzip',
  country_code: 'US',
  '': ''
}
country is: United States 2021-02-28T13:24:09.035Z
Update entry 2021-02-28T13:24:09.055Z
At 2021-02-28T13:24:09.055Z initiating processing for entry: {
  external_code: 'user2',
  name: 'Changed User',
  address: 'Afganisthan\nstate\nzip',
  country_code: 'AF',
  '': ''
}
country is: Afghanistan 2021-02-28T13:24:09.061Z
Update entry 2021-02-28T13:24:09.073Z
At 2021-02-28T13:24:09.073Z initiating processing for entry: { external_code: '', name: '', address: '', country_code: '', '': '' }
Invalid entry without country_code 2021-02-28T13:24:09.078Z
At 2021-02-28T13:24:09.078Z initiating processing for entry: { external_code: '', name: '', address: '', country_code: '', '': '' }
Invalid entry without country_code 2021-02-28T13:24:09.084Z
Completed processing of gathered data 2021-02-28T13:24:09.084Z
running cron task now. 2021-02-28T13:25:01.747Z
CSV file successfully processed 2021-02-28T13:25:01.776Z
Processing information gathered 2021-02-28T13:25:01.776Z
At 2021-02-28T13:25:01.777Z initiating processing for entry: {
  external_code: 'user1',
  name: 'USER TEST 1',
  address: 'Address of user',
  country_code: 'IN',
  '': ''
}
FetchError: request to http://localhost:8888/getCountryCode failed, reason: connect ECONNREFUSED 127.0.0.1:8888
    at ClientRequest.<anonymous> (/Users/vedantgilhotra/Documents/code reference/knowledge_synonymns_task/cron/node_modules/node-fetch/lib/index.js:1461:11)
    at ClientRequest.emit (events.js:315:20)
    at Socket.socketErrorListener (_http_client.js:469:9)
    at Socket.emit (events.js:315:20)
    at emitErrorNT (internal/streams/destroy.js:106:8)
    at emitErrorCloseNT (internal/streams/destroy.js:74:3)
    at processTicksAndRejections (internal/process/task_queues.js:80:21) {
  type: 'system',
  errno: 'ECONNREFUSED',
  code: 'ECONNREFUSED'
}
running cron task now. 2021-02-28T13:25:04.968Z
CSV file successfully processed 2021-02-28T13:25:04.988Z
Processing information gathered 2021-02-28T13:25:04.988Z
At 2021-02-28T13:25:04.989Z initiating processing for entry: {
  external_code: 'user1',
  name: 'USER TEST 1',
  address: 'Address of user',
  country_code: 'IN',
  '': ''
}
country is: India 2021-02-28T13:25:05.062Z
Update entry 2021-02-28T13:25:05.085Z
At 2021-02-28T13:25:05.085Z initiating processing for entry: {
  external_code: 'user2',
  name: 'USER TEST 2',
  address: 'another address\nstate\nzip',
  country_code: 'US',
  '': ''
}
country is: United States 2021-02-28T13:25:05.091Z
Update entry 2021-02-28T13:25:05.112Z
At 2021-02-28T13:25:05.112Z initiating processing for entry: {
  external_code: 'user2',
  name: 'Changed User',
  address: 'Afganisthan\nstate\nzip',
  country_code: 'AF',
  '': ''
}
country is: Afghanistan 2021-02-28T13:25:05.120Z
Update entry 2021-02-28T13:25:05.138Z
At 2021-02-28T13:25:05.138Z initiating processing for entry: { external_code: '', name: '', address: '', country_code: '', '': '' }
Invalid entry without country_code 2021-02-28T13:25:05.151Z
At 2021-02-28T13:25:05.151Z initiating processing for entry: { external_code: '', name: '', address: '', country_code: '', '': '' }
Invalid entry without country_code 2021-02-28T13:25:05.159Z
Completed processing of gathered data 2021-02-28T13:25:05.159Z
running cron task now. 2021-02-28T13:26:00.002Z
CSV file successfully processed 2021-02-28T13:26:00.006Z
Processing information gathered 2021-02-28T13:26:00.006Z
At 2021-02-28T13:26:00.007Z initiating processing for entry: {
  external_code: 'user1',
  name: 'USER TEST 1',
  address: 'Address of user',
  country_code: 'IN',
  '': ''
}
country is: India 2021-02-28T13:26:00.019Z
Update entry 2021-02-28T13:26:00.034Z
At 2021-02-28T13:26:00.034Z initiating processing for entry: {
  external_code: 'user2',
  name: 'USER TEST 2',
  address: 'another address\nstate\nzip',
  country_code: 'US',
  '': ''
}
country is: United States 2021-02-28T13:26:00.045Z
Update entry 2021-02-28T13:26:00.064Z
At 2021-02-28T13:26:00.064Z initiating processing for entry: {
  external_code: 'user2',
  name: 'Changed User',
  address: 'Afganisthan\nstate\nzip',
  country_code: 'AF',
  '': ''
}
country is: Afghanistan 2021-02-28T13:26:00.074Z
Update entry 2021-02-28T13:26:00.092Z
At 2021-02-28T13:26:00.092Z initiating processing for entry: { external_code: '', name: '', address: '', country_code: '', '': '' }
Invalid entry without country_code 2021-02-28T13:26:00.099Z
At 2021-02-28T13:26:00.099Z initiating processing for entry: { external_code: '', name: '', address: '', country_code: '', '': '' }
Invalid entry without country_code 2021-02-28T13:26:00.105Z
Completed processing of gathered data 2021-02-28T13:26:00.106Z
running cron task now. 2021-02-28T13:26:22.476Z
CSV file successfully processed 2021-02-28T13:26:22.498Z
Processing information gathered 2021-02-28T13:26:22.498Z
At 2021-02-28T13:26:22.498Z initiating processing for entry: {
  external_code: 'user1',
  name: 'USER TEST 1',
  address: 'Address of user',
  country_code: 'IN',
  '': ''
}
country is: India 2021-02-28T13:26:22.564Z
Update entry 2021-02-28T13:26:22.584Z
At 2021-02-28T13:26:22.585Z initiating processing for entry: {
  external_code: 'user2',
  name: 'USER TEST 2',
  address: 'another address\nstate\nzip',
  country_code: 'US',
  '': ''
}
country is: United States 2021-02-28T13:26:22.590Z
Update entry 2021-02-28T13:26:22.610Z
At 2021-02-28T13:26:22.610Z initiating processing for entry: {
  external_code: 'user2',
  name: 'Changed User',
  address: 'Afganisthan\nstate\nzip',
  country_code: 'AF',
  '': ''
}
country is: Afghanistan 2021-02-28T13:26:22.618Z
Update entry 2021-02-28T13:26:22.630Z
At 2021-02-28T13:26:22.630Z initiating processing for entry: { external_code: '', name: '', address: '', country_code: '', '': '' }
Invalid entry without country_code 2021-02-28T13:26:22.635Z
At 2021-02-28T13:26:22.635Z initiating processing for entry: { external_code: '', name: '', address: '', country_code: '', '': '' }
Invalid entry without country_code 2021-02-28T13:26:22.641Z
Completed processing of gathered data 2021-02-28T13:26:22.641Z
running cron task now. 2021-02-28T13:26:32.137Z
CSV file successfully processed 2021-02-28T13:26:32.169Z
Processing information gathered 2021-02-28T13:26:32.170Z
At 2021-02-28T13:26:32.170Z initiating processing for entry: {
  external_code: 'user1',
  name: 'USER TEST 1',
  address: 'Address of user',
  country_code: 'IN',
  '': ''
}
country is: India 2021-02-28T13:26:32.253Z
Update entry 2021-02-28T13:26:32.280Z
At 2021-02-28T13:26:32.281Z initiating processing for entry: {
  external_code: 'user2',
  name: 'USER TEST 2',
  address: 'another address\nstate\nzip',
  country_code: 'US',
  '': ''
}
country is: United States 2021-02-28T13:26:32.289Z
Update entry 2021-02-28T13:26:32.312Z
At 2021-02-28T13:26:32.312Z initiating processing for entry: {
  external_code: 'user2',
  name: 'Changed User',
  address: 'Afganisthan\nstate\nzip',
  country_code: 'AF',
  '': ''
}
country is: Afghanistan 2021-02-28T13:26:32.322Z
Update entry 2021-02-28T13:26:32.337Z
At 2021-02-28T13:26:32.337Z initiating processing for entry: { external_code: '', name: '', address: '', country_code: '', '': '' }
Invalid entry without country_code 2021-02-28T13:26:32.345Z
At 2021-02-28T13:26:32.345Z initiating processing for entry: { external_code: '', name: '', address: '', country_code: '', '': '' }
Invalid entry without country_code 2021-02-28T13:26:32.353Z
Completed processing of gathered data 2021-02-28T13:26:32.354Z
running cron task now. 2021-02-28T13:27:00.002Z
CSV file successfully processed 2021-02-28T13:27:00.005Z
Processing information gathered 2021-02-28T13:27:00.005Z
At 2021-02-28T13:27:00.006Z initiating processing for entry: {
  external_code: 'user1',
  name: 'USER TEST 1',
  address: 'Address of user',
  country_code: 'IN',
  '': ''
}
country is: India 2021-02-28T13:27:00.020Z
Update entry 2021-02-28T13:27:00.033Z
At 2021-02-28T13:27:00.033Z initiating processing for entry: {
  external_code: 'user2',
  name: 'USER TEST 2',
  address: 'another address\nstate\nzip',
  country_code: 'US',
  '': ''
}
country is: United States 2021-02-28T13:27:00.044Z
Update entry 2021-02-28T13:27:00.062Z
At 2021-02-28T13:27:00.062Z initiating processing for entry: {
  external_code: 'user2',
  name: 'Changed User',
  address: 'Afganisthan\nstate\nzip',
  country_code: 'AF',
  '': ''
}
country is: Afghanistan 2021-02-28T13:27:00.074Z
Update entry 2021-02-28T13:27:00.088Z
At 2021-02-28T13:27:00.088Z initiating processing for entry: { external_code: '', name: '', address: '', country_code: '', '': '' }
Invalid entry without country_code 2021-02-28T13:27:00.095Z
At 2021-02-28T13:27:00.096Z initiating processing for entry: { external_code: '', name: '', address: '', country_code: '', '': '' }
Invalid entry without country_code 2021-02-28T13:27:00.103Z
Completed processing of gathered data 2021-02-28T13:27:00.104Z
running cron task now. 2021-02-28T13:28:00.003Z
CSV file successfully processed 2021-02-28T13:28:00.005Z
Processing information gathered 2021-02-28T13:28:00.005Z
At 2021-02-28T13:28:00.005Z initiating processing for entry: {
  external_code: 'user1',
  name: 'USER TEST 1',
  address: 'Address of user',
  country_code: 'IN',
  '': ''
}
country is: India 2021-02-28T13:28:00.012Z
Update entry 2021-02-28T13:28:00.020Z
At 2021-02-28T13:28:00.020Z initiating processing for entry: {
  external_code: 'user2',
  name: 'USER TEST 2',
  address: 'another address\nstate\nzip',
  country_code: 'US',
  '': ''
}
country is: United States 2021-02-28T13:28:00.025Z
Update entry 2021-02-28T13:28:00.035Z
At 2021-02-28T13:28:00.035Z initiating processing for entry: {
  external_code: 'user2',
  name: 'Changed User',
  address: 'Afganisthan\nstate\nzip',
  country_code: 'AF',
  '': ''
}
country is: Afghanistan 2021-02-28T13:28:00.040Z
Update entry 2021-02-28T13:28:00.051Z
At 2021-02-28T13:28:00.051Z initiating processing for entry: { external_code: '', name: '', address: '', country_code: '', '': '' }
Invalid entry without country_code 2021-02-28T13:28:00.056Z
At 2021-02-28T13:28:00.056Z initiating processing for entry: { external_code: '', name: '', address: '', country_code: '', '': '' }
Invalid entry without country_code 2021-02-28T13:28:00.061Z
Completed processing of gathered data 2021-02-28T13:28:00.061Z
